<?xml version="1.0" encoding="UTF-8"?>
<!-- Generated by org.testng.reporters.JUnitReportReporter -->
<testsuite skipped="0" hostname="DESKTOP-I4VABD5" name="com.crm.qa.testcases.LoginPageTest" tests="3" failures="0" timestamp="18 Aug 2018 15:42:47 GMT" time="22.407" errors="0">
  <testcase name="loginPageTitleTest" time="5.947" classname="com.crm.qa.testcases.LoginPageTest"/>
  <testcase name="crmLogoImageTest" time="7.146" classname="com.crm.qa.testcases.LoginPageTest"/>
  <testcase name="loginTest" time="9.314" classname="com.crm.qa.testcases.LoginPageTest"/>
</testsuite> <!-- com.crm.qa.testcases.LoginPageTest -->
