<?xml version="1.0" encoding="UTF-8"?>
<!-- Generated by org.testng.reporters.JUnitReportReporter -->
<testsuite skipped="0" hostname="DESKTOP-I4VABD5" name="com.crm.qa.testcases.LoginPageTest" tests="3" failures="0" timestamp="17 Aug 2018 20:23:55 GMT" time="23.005" errors="0">
  <testcase name="loginPageTitleTest" time="7.194" classname="com.crm.qa.testcases.LoginPageTest"/>
  <testcase name="crmLogoImageTest" time="6.616" classname="com.crm.qa.testcases.LoginPageTest"/>
  <testcase name="loginTest" time="9.195" classname="com.crm.qa.testcases.LoginPageTest"/>
</testsuite> <!-- com.crm.qa.testcases.LoginPageTest -->
